[debug] [2025-04-28T11:05:13.983Z] ----------------------------------------------------------------------
[debug] [2025-04-28T11:05:13.988Z] Command:       C:\Program Files\nodejs\node.exe C:\Users\DELL\AppData\Roaming\npm\node_modules\firebase-tools\lib\bin\firebase.js apps:create web carecaps2 (web) --json --project=carecaps2
[debug] [2025-04-28T11:05:13.989Z] CLI Version:   14.2.1
[debug] [2025-04-28T11:05:13.989Z] Platform:      win32
[debug] [2025-04-28T11:05:13.989Z] Node Version:  v22.14.0
[debug] [2025-04-28T11:05:13.990Z] Time:          Mon Apr 28 2025 12:05:13 GMT+0100 (GMT+01:00)
[debug] [2025-04-28T11:05:13.990Z] ----------------------------------------------------------------------
[debug] 
[debug] [2025-04-28T11:05:14.003Z] > command requires scopes: ["email","openid","https://www.googleapis.com/auth/cloudplatformprojects.readonly","https://www.googleapis.com/auth/firebase","https://www.googleapis.com/auth/cloud-platform"]
[debug] [2025-04-28T11:05:14.004Z] > authorizing via signed-in user (elfodillina104@gmail.com)
[info] Create your WEB app in project carecaps2:
[debug] [2025-04-28T11:05:14.011Z] Checked if tokens are valid: true, expires at: 1745841846747
[debug] [2025-04-28T11:05:14.011Z] Checked if tokens are valid: true, expires at: 1745841846747
[debug] [2025-04-28T11:05:14.014Z] >>> [apiv2][query] POST https://firebase.googleapis.com/v1beta1/projects/carecaps2/webApps [none]
[debug] [2025-04-28T11:05:14.014Z] >>> [apiv2][body] POST https://firebase.googleapis.com/v1beta1/projects/carecaps2/webApps {"displayName":"carecaps2 (web)"}
[debug] [2025-04-28T11:05:14.886Z] <<< [apiv2][status] POST https://firebase.googleapis.com/v1beta1/projects/carecaps2/webApps 429
[debug] [2025-04-28T11:05:14.888Z] <<< [apiv2][body] POST https://firebase.googleapis.com/v1beta1/projects/carecaps2/webApps {"error":{"code":429,"message":"Quota exceeded for quota metric 'Provision requests' and limit 'Provision requests per minute' of service 'firebase.googleapis.com' for consumer 'project_number:563584335869'.","status":"RESOURCE_EXHAUSTED","details":[{"@type":"type.googleapis.com/google.rpc.ErrorInfo","reason":"RATE_LIMIT_EXCEEDED","domain":"googleapis.com","metadata":{"quota_unit":"1/min/{project}","quota_limit_value":"60","quota_limit":"ProvisionPerMinutePerProject","quota_location":"global","consumer":"projects/563584335869","service":"firebase.googleapis.com","quota_metric":"firebase.googleapis.com/provision_requests"}},{"@type":"type.googleapis.com/google.rpc.Help","links":[{"description":"Request a higher quota limit.","url":"https://cloud.google.com/docs/quotas/help/request_increase"}]}]}}
[debug] [2025-04-28T11:05:14.905Z] Request to https://firebase.googleapis.com/v1beta1/projects/carecaps2/webApps had HTTP Error: 429, Quota exceeded for quota metric 'Provision requests' and limit 'Provision requests per minute' of service 'firebase.googleapis.com' for consumer 'project_number:563584335869'.
[debug] [2025-04-28T11:05:15.272Z] FirebaseError: Request to https://firebase.googleapis.com/v1beta1/projects/carecaps2/webApps had HTTP Error: 429, Quota exceeded for quota metric 'Provision requests' and limit 'Provision requests per minute' of service 'firebase.googleapis.com' for consumer 'project_number:563584335869'.
    at responseToError (C:\Users\DELL\AppData\Roaming\npm\node_modules\firebase-tools\lib\responseToError.js:52:12)
    at RetryOperation._fn (C:\Users\DELL\AppData\Roaming\npm\node_modules\firebase-tools\lib\apiv2.js:312:77)
    at process.processTicksAndRejections (node:internal/process/task_queues:105:5)
[error] 
[error] Error: Failed to create Web app for project carecaps2. See firebase-debug.log for more info.
